<?xml version="1.0" encoding="UTF-8"?>
<testsuite xmlns:xsi="http://www.w3.org/2001/XMLSchema-instance" xsi:noNamespaceSchemaLocation="https://maven.apache.org/surefire/maven-surefire-plugin/xsd/surefire-test-report-3.0.xsd" version="3.0" name="testrunners.TestRunner" time="1.656" tests="2" errors="0" skipped="0" failures="0">
  <properties>
[...]
</properties>
  <testcase name="runScenario[&quot;First Scenario&quot;, &quot;First Sample Scenario&quot;](1)" classname="testrunners.TestRunner" time="0.107">
    <system-out><![CDATA[App opened
Action performed
Outcomes validated
]]></system-out>
    <system-err><![CDATA[SLF4J: Failed to load class "org.slf4j.impl.StaticLoggerBinder".
SLF4J: Defaulting to no-operation (NOP) logger implementation
SLF4J: See http://www.slf4j.org/codes.html#StaticLoggerBinder for further details.
]]></system-err>
  </testcase>
  <testcase name="runScenario[&quot;New test scenario for Jenkins job&quot;, &quot;New feature added to test to trigger Jenkins pipeline&quot;](2)" classname="testrunners.TestRunner" time="0.032">
    <system-out><![CDATA[Output: I am on the given app
Output: I perform action
Output: I perform the validations
]]></system-out>
  </testcase>
</testsuite>