<?xml version="1.0" encoding="UTF-8"?>
<testng-results ignored="0" total="1" passed="1" failed="0" skipped="0">
  <reporter-output>
  </reporter-output>
  <suite started-at="2023-08-20T21:52:39 IST" name="Default suite" finished-at="2023-08-20T21:52:42 IST" duration-ms="3337">
    <groups>
      <group name="cucumber">
        <method signature="AbstractTestNGCucumberTests.runScenario(io.cucumber.testng.PickleWrapper,io.cucumber.testng.FeatureWrapper)[pri:0, instance:testrunners.Runner1@712625fd]" name="runScenario" class="io.cucumber.testng.AbstractTestNGCucumberTests"/>
      </group> <!-- cucumber -->
    </groups>
    <test started-at="2023-08-20T21:52:39 IST" name="Default test" finished-at="2023-08-20T21:52:42 IST" duration-ms="3337">
      <class name="testrunners.Runner1">
        <test-method is-config="true" signature="setUpClass(org.testng.ITestContext)[pri:0, instance:testrunners.Runner1@712625fd]" started-at="2023-08-20T21:52:39 IST" name="setUpClass" finished-at="2023-08-20T21:52:42 IST" duration-ms="3020" status="PASS">
          <params>
            <param index="0">
              <value>
                <![CDATA[org.testng.TestRunner@2a3a299]]>
              </value>
            </param>
          </params>
          <reporter-output>
          </reporter-output>
        </test-method> <!-- setUpClass -->
        <test-method signature="runScenario(io.cucumber.testng.PickleWrapper,io.cucumber.testng.FeatureWrapper)[pri:0, instance:testrunners.Runner1@712625fd]" started-at="2023-08-20T21:52:42 IST" name="runScenario" description="Runs Cucumber Scenarios" data-provider="scenarios" finished-at="2023-08-20T21:52:42 IST" duration-ms="123" status="PASS">
          <params>
            <param index="0">
              <value>
                <![CDATA["First Scenario"]]>
              </value>
            </param>
            <param index="1">
              <value>
                <![CDATA["First Sample Scenario"]]>
              </value>
            </param>
          </params>
          <reporter-output>
          </reporter-output>
        </test-method> <!-- runScenario -->
        <test-method is-config="true" signature="tearDownClass()[pri:0, instance:testrunners.Runner1@712625fd]" started-at="2023-08-20T21:52:42 IST" name="tearDownClass" finished-at="2023-08-20T21:52:42 IST" duration-ms="134" status="PASS">
          <reporter-output>
          </reporter-output>
        </test-method> <!-- tearDownClass -->
      </class> <!-- testrunners.Runner1 -->
    </test> <!-- Default test -->
  </suite> <!-- Default suite -->
</testng-results>
